C51 COMPILER V9.54   MAIN                                                                  01/21/2026 10:18:30 PAGE 1   


C51 COMPILER V9.54, COMPILATION OF MODULE MAIN
OBJECT MODULE PLACED IN .\Objects\main.obj
COMPILER INVOKED BY: D:\keil5\k\C51\BIN\C51.EXE main.c OPTIMIZE(8,SPEED) BROWSE DEBUG OBJECTEXTEND PRINT(.\Listings\main
                    -.lst) TABS(2) OBJECT(.\Objects\main.obj)

line level    source

   1          #include <REGX51.H>
   2          #include <INTRINS.H>
   3          
   4          unsigned char seg_code[] = {0x3F, 0x06, 0x5B, 0x4F, 0x66, 0x6D, 0x7D, 0x07, 0x7F, 0x6F};
   5          
   6          void Delay(unsigned int a)
   7          {
   8   1        unsigned char i,j;
   9   1      
  10   1        while(a)
  11   1        {
  12   2          _nop_();
  13   2          i = 4;
  14   2          j = 239;
  15   2          do
  16   2          {
  17   3            while(--j);
  18   3          }while(--i);
  19   2          a--;
  20   2        }
  21   1      }
  22          
  23          void nixie(unsigned char a,b)
  24          {
  25   1      
  26   1        a = 8-a;
  27   1        P2_2 = a % 2;
  28   1        a = a / 2;
  29   1        P2_3 = a % 2;
  30   1        a = a / 2;
  31   1        P2_4 = a % 2;
  32   1        a = a / 2;
  33   1        
  34   1        P0 = seg_code[b];
  35   1        Delay(1);
  36   1        P0 = 0x00;
  37   1      }
  38          
  39          void main()
  40          {
  41   1        unsigned char e=1;
  42   1        while(1)
  43   1        {
  44   2          
  45   2          nixie(1,1);
  46   2          Delay(2);
  47   2          nixie(2,2);
  48   2          Delay(2);
  49   2          nixie(3,3);
  50   2          Delay(2);
  51   2        }
  52   1      }


C51 COMPILER V9.54   MAIN                                                                  01/21/2026 10:18:30 PAGE 2   

MODULE INFORMATION:   STATIC OVERLAYABLE
   CODE SIZE        =     99    ----
   CONSTANT SIZE    =   ----    ----
   XDATA SIZE       =   ----    ----
   PDATA SIZE       =   ----    ----
   DATA SIZE        =     10       1
   IDATA SIZE       =   ----    ----
   BIT SIZE         =   ----    ----
END OF MODULE INFORMATION.


C51 COMPILATION COMPLETE.  0 WARNING(S),  0 ERROR(S)
