C51 COMPILER V9.54   MAIN                                                                  12/19/2025 20:58:15 PAGE 1   


C51 COMPILER V9.54, COMPILATION OF MODULE MAIN
OBJECT MODULE PLACED IN .\Objects\main.obj
COMPILER INVOKED BY: D:\keil5\k\C51\BIN\C51.EXE main.c OPTIMIZE(8,SPEED) BROWSE DEBUG OBJECTEXTEND PRINT(.\Listings\main
                    -.lst) TABS(2) OBJECT(.\Objects\main.obj)

line level    source

   1          #include <REGX52.H>
   2          #include <INTRINS.H>
   3          
   4          void Delay(unsigned int a)  //ЪБбгКЏЪ§
   5          {
   6   1        unsigned char i,j;
   7   1      
   8   1        while(a)
   9   1        {
  10   2          _nop_();
  11   2          i = 4;
  12   2          j = 239;
  13   2      
  14   2            do
  15   2            {
  16   3              while(--j);
  17   3            }while(--i);
  18   2          a--;
  19   2        }
  20   1      }
  21          
  22          void main()
  23          {
  24   1        //P2 = 0xfe;
  25   1        P2_0 = 1;
  26   1        while(1)
  27   1        {
  28   2          if(P3_1 == 0)
  29   2          {
  30   3            
  31   3            Delay(5);//ЗРжЙЖЖЖЏ
  32   3            while(P3_1 ==0);//ХаЖЯЪЧЗёЫЩЪж
  33   3            Delay(5);//ЗРжЙЖЖЖЏ
  34   3            
  35   3            P2_0 = ~P2_0;
  36   3          }
  37   2        }
  38   1      }


MODULE INFORMATION:   STATIC OVERLAYABLE
   CODE SIZE        =     47    ----
   CONSTANT SIZE    =   ----    ----
   XDATA SIZE       =   ----    ----
   PDATA SIZE       =   ----    ----
   DATA SIZE        =   ----    ----
   IDATA SIZE       =   ----    ----
   BIT SIZE         =   ----    ----
END OF MODULE INFORMATION.


C51 COMPILATION COMPLETE.  0 WARNING(S),  0 ERROR(S)
