C51 COMPILER V9.54   MAIN                                                                  02/11/2026 16:47:09 PAGE 1   


C51 COMPILER V9.54, COMPILATION OF MODULE MAIN
OBJECT MODULE PLACED IN .\Objects\main.obj
COMPILER INVOKED BY: D:\keil5\k\C51\BIN\C51.EXE main.c OPTIMIZE(8,SPEED) BROWSE DEBUG OBJECTEXTEND PRINT(.\Listings\main
                    -.lst) TABS(2) OBJECT(.\Objects\main.obj)

line level    source

   1          #include <REGX52.H>
   2          
   3          sbit LED = P2^0;
   4          
   5          void d(unsigned char t)
   6          {
   7   1        while(t--);
   8   1      }
   9          
  10          void main()
  11          {
  12   1          unsigned char time,i;
  13   1        while(1)
  14   1        {
  15   2            for(time = 0;time<100;time++)
  16   2            {
  17   3              for(i=0;i<20;i++)
  18   3              {
  19   4                LED = 0;
  20   4                d(time);
  21   4                LED = 1;
  22   4                d(100-time);
  23   4              }
  24   3                
  25   3            }   
  26   2            for(time = 100;time>0;time--)
  27   2            {
  28   3              for(i=0;i<20;i++)
  29   3              {
  30   4                LED = 0;
  31   4                d(time);
  32   4                LED = 1;
  33   4                d(100-time);
  34   4              }
  35   3                
  36   3            }
  37   2        }
  38   1      }


MODULE INFORMATION:   STATIC OVERLAYABLE
   CODE SIZE        =     56    ----
   CONSTANT SIZE    =   ----    ----
   XDATA SIZE       =   ----    ----
   PDATA SIZE       =   ----    ----
   DATA SIZE        =   ----    ----
   IDATA SIZE       =   ----    ----
   BIT SIZE         =   ----    ----
END OF MODULE INFORMATION.


C51 COMPILATION COMPLETE.  0 WARNING(S),  0 ERROR(S)
