C51 COMPILER V9.54   MAIN                                                                  01/05/2026 17:02:03 PAGE 1   


C51 COMPILER V9.54, COMPILATION OF MODULE MAIN
OBJECT MODULE PLACED IN .\Objects\main.obj
COMPILER INVOKED BY: D:\keil5\k\C51\BIN\C51.EXE main.c OPTIMIZE(8,SPEED) BROWSE DEBUG OBJECTEXTEND PRINT(.\Listings\main
                    -.lst) TABS(2) OBJECT(.\Objects\main.obj)

line level    source

   1          #include <REGX52.H>
   2          
   3          sbit RCK = P3^5; //RCLK
   4          sbit SCK = P3^6; //SRCLK
   5          sbit SER = P3^4; //SER
   6          
   7          unsigned char animaton[] = {
   8            0xFF, 0x08, 0x08, 0x08, 0xFF, 0x00, 0x0E, 0x15, 
   9            0x15, 0x15, 0x08, 0x00, 0x7E, 0x01, 0x02, 0x00,
  10            0x7F, 0x01, 0x02, 0x00, 0x0E, 0x11, 0x11, 0x0E, 
  11            0x00, 0x7D, 0x00, 0x00, 0x00, 0x00, 0x00, 0x00,
  12            0x00, 0x00, 0x00, 0x00, 0x00, 0x00, 0x00, 0x00};
  13          unsigned char offset=0;
  14          
  15          void _74HC595_WriteByte(unsigned char byte);
  16          void LED_show(unsigned char a,b);
  17          void MatrixLED_Init();
  18          void Delay(unsigned int a);
  19          void Timer0_Init();
  20          
  21          void main()
  22          {
  23   1        unsigned char i;
  24   1        
  25   1        MatrixLED_Init();
  26   1        Timer0_Init();
  27   1        
  28   1        while(1)
  29   1        {
  30   2          for(i=0;i<8;i++)
  31   2          {
  32   3            LED_show(i,animaton[i+offset]);
  33   3          }
  34   2        }
  35   1      }
  36          
  37          void Timer0_Init()
  38          {
  39   1        //AUXR &= 0x7F;     //定时器时钟12T模式
  40   1        TMOD &= 0xF0;       //设置定时器模式
  41   1        TMOD |= 0x01;     //设置定时器模式
  42   1        TL0 = 0x66;       //设置定时初始值
  43   1        TH0 = 0xFC;       //设置定时初始值
  44   1        TF0 = 0;        //清除TF0标志
  45   1        TR0 = 1;        //定时器0开始计时
  46   1        //中断操作
  47   1        ET0 = 1;
  48   1        EA = 1;
  49   1        PT0 = 0;
  50   1      }
  51          
  52          unsigned int T = 0;
  53          
  54          void Timer0_Routine(void) interrupt 1
C51 COMPILER V9.54   MAIN                                                                  01/05/2026 17:02:03 PAGE 2   

  55          {
  56   1        TL0 = 0x66;       //设置定时初始值
  57   1        TH0 = 0xFC;       //设置定时初始值
  58   1        T++;
  59   1        if(T >= 500)
  60   1        {
  61   2          offset++;
  62   2          if(offset > 25)
  63   2            offset = 0;
  64   2          
  65   2          T = 0;
  66   2        }
  67   1          
  68   1      }
  69          
  70          void MatrixLED_Init()
  71          {
  72   1        SCK = 0;
  73   1        RCK = 0;
  74   1      }
  75          
  76          void LED_show(unsigned char a,b)
  77          {
  78   1        //通过段选  位选  时延  清零的方式来消除残影
  79   1        _74HC595_WriteByte(b); //段选
  80   1        P0 = ~(0x80>>a);//位选
  81   1        Delay(1);//时延
  82   1        P0 = 0xff;//清零
  83   1      }
  84          
  85          void _74HC595_WriteByte(unsigned char byte)
  86          {
  87   1        unsigned char i;
  88   1        for(i=0;i<8;i++)
  89   1        {
  90   2          SER = byte&(0x80>>i);//通过与每一位做&得到 byte 的每一位。
  91   2          SCK = 1;
  92   2          SCK = 0;
  93   2        }
  94   1        RCK = 1;
  95   1        RCK = 0;
  96   1      }
  97          
  98          void Delay(unsigned int a)
  99          {
 100   1        unsigned char i,j;
 101   1      
 102   1        while(a)
 103   1        {
 104   2          i = 4;
 105   2          j = 239;
 106   2          do
 107   2          {
 108   3            while(--j);
 109   3          }while(--i);
 110   2          a--;
 111   2        }
 112   1      }


MODULE INFORMATION:   STATIC OVERLAYABLE
   CODE SIZE        =    213    ----
C51 COMPILER V9.54   MAIN                                                                  01/05/2026 17:02:03 PAGE 3   

   CONSTANT SIZE    =   ----    ----
   XDATA SIZE       =   ----    ----
   PDATA SIZE       =   ----    ----
   DATA SIZE        =     43       2
   IDATA SIZE       =   ----    ----
   BIT SIZE         =   ----    ----
END OF MODULE INFORMATION.


C51 COMPILATION COMPLETE.  0 WARNING(S),  0 ERROR(S)
