C51 COMPILER V9.54   MAIN                                                                  12/22/2025 21:39:05 PAGE 1   


C51 COMPILER V9.54, COMPILATION OF MODULE MAIN
OBJECT MODULE PLACED IN .\Objects\main.obj
COMPILER INVOKED BY: D:\keil5\k\C51\BIN\C51.EXE main.c OPTIMIZE(8,SPEED) BROWSE DEBUG OBJECTEXTEND PRINT(.\Listings\main
                    -.lst) TABS(2) OBJECT(.\Objects\main.obj)

line level    source

   1          #include <REGX51.H>
   2          #include <INTRINS.H>
   3          
   4          unsigned char seg_code[] = {0x3F,0x06,0x5B,0x4F,0x66,0x6D,0x7D,0x07,0x7F,0x6F,0x77,0x7C,0x39,0x5E,0x79,0x7
             -1,0x00};
   5          //                            0    1    2    3    4    5    6    7    8    9    A    B    C    D    E    F
             -    空
   6          void Delay(unsigned int a)  
   7          {
   8   1        unsigned char i,j;
   9   1      
  10   1        while(a)
  11   1        {
  12   2          _nop_();
  13   2          i = 4;
  14   2          j = 239;
  15   2          do
  16   2          {
  17   3            while(--j);
  18   3          }while(--i);
  19   2          a--;
  20   2        }
  21   1      }
  22          
  23          void nixie(unsigned char a,b)
  24          {
  25   1        //确定8位数码的显示位置。
  26   1        a = 8-a;
  27   1        P2_2 = a % 2;
  28   1        a = a / 2;
  29   1        P2_3 = a % 2;
  30   1        a = a / 2;
  31   1        P2_4 = a % 2;
  32   1        a = a / 2;
  33   1        //确定8位数码的显示数字。
  34   1        P0 = seg_code[b];
  35   1        //在显示多位数字时进行消影操作
  36   1        Delay(1);
  37   1        P0 = 0x00;
  38   1      }
  39          
  40          void main()
  41          {
  42   1        unsigned int b[4];
  43   1        unsigned int a;
  44   1        unsigned int f;
  45   1        unsigned int i = 1;
  46   1        b[0]=16;
  47   1        b[1]=16;
  48   1        b[2]=16;
  49   1        b[3]=16;
  50   1        nixie(1,b[0]);
  51   1            Delay(2);
  52   1            nixie(2,b[1]);
C51 COMPILER V9.54   MAIN                                                                  12/22/2025 21:39:05 PAGE 2   

  53   1            Delay(2);
  54   1            nixie(3,b[2]);
  55   1            Delay(2);
  56   1            nixie(4,b[3]);
  57   1            Delay(2);
  58   1        while(1)
  59   1        {
  60   2          //对矩阵键盘逐列扫描。判断每一列的按钮有没有被按下。
  61   2          P1 = 0xff;
  62   2          P1_3 = 0;
  63   2          if(P1_7 == 0){Delay(20);while(P1_7 ==0);Delay(20);a = 7;}
  64   2          if(P1_6 == 0){Delay(20);while(P1_6 ==0);Delay(20);a = 4;}
  65   2          if(P1_5 == 0){Delay(20);while(P1_5 ==0);Delay(20);a = 1;}
  66   2          if(P1_4 == 0){Delay(20);while(P1_4 ==0);Delay(20);a = 0;}
  67   2          P1 = 0xff;
  68   2          P1_2 = 0;
  69   2          if(P1_7 == 0){Delay(20);while(P1_7 ==0);Delay(20);a = 8;}
  70   2          if(P1_6 == 0){Delay(20);while(P1_6 ==0);Delay(20);a = 5;}
  71   2          if(P1_5 == 0){Delay(20);while(P1_5 ==0);Delay(20);a = 2;}
  72   2          if(P1_4 == 0){Delay(20);while(P1_4 ==0);Delay(20);a = -1;}
  73   2          P1 = 0xff;
  74   2          P1_1 = 0;
  75   2          if(P1_7 == 0){Delay(20);while(P1_7 ==0);Delay(20);a = 9;}
  76   2          if(P1_6 == 0){Delay(20);while(P1_6 ==0);Delay(20);a = 6;}
  77   2          if(P1_5 == 0){Delay(20);while(P1_5 ==0);Delay(20);a = 3;}
  78   2          if(P1_4 == 0){Delay(20);while(P1_4 ==0);Delay(20);a = -1;}
  79   2          P1 = 0xff;
  80   2          P1_0 = 0;
  81   2          if(P1_7 == 0){Delay(20);while(P1_7 ==0);Delay(20);a = 11;}
  82   2          if(P1_6 == 0){Delay(20);while(P1_6 ==0);Delay(20);a = 12;}
  83   2          if(P1_5 == 0){Delay(20);while(P1_5 ==0);Delay(20);a = 13;}
  84   2          if(P1_4 == 0){Delay(20);while(P1_4 ==0);Delay(20);a = -1;}
  85   2          
  86   2          if(a<10 && a>=0)
  87   2          {
  88   3            b[i-1] = a;
  89   3            if(i != 4)
  90   3              i+=1;
  91   3          }
  92   2          else if(a == 12)
  93   2          {
  94   3            b[i-1] = 16;
  95   3            if(i != 1)
  96   3              i-=1;
  97   3          }
  98   2          else if(a == 13)
  99   2          {
 100   3            b[0]=16;
 101   3            b[1]=16;
 102   3            b[2]=16;
 103   3            b[3]=16;
 104   3            i = 1;
 105   3          }
 106   2          else if (a==11)
 107   2          {
 108   3            f = b[0]*1000+b[1]*100+b[2]*10+b[3];
 109   3            if(f == 1234)
 110   3              break;
 111   3          }
 112   2          nixie(1,b[0]);
 113   2          Delay(1);
 114   2          nixie(2,b[1]);
C51 COMPILER V9.54   MAIN                                                                  12/22/2025 21:39:05 PAGE 3   

 115   2          Delay(1);
 116   2          nixie(3,b[2]);
 117   2          Delay(1);
 118   2          nixie(4,b[3]);
 119   2          Delay(1);
 120   2          a=-1;
 121   2        }
 122   1        while(1)
 123   1        {
 124   2          nixie(1,10);
 125   2          Delay(1);
 126   2          nixie(2,11);
 127   2          Delay(1);
 128   2          nixie(3,12);
 129   2          Delay(1);
 130   2          nixie(4,13);
 131   2          Delay(1);
 132   2          nixie(5,14);
 133   2          Delay(1);
 134   2          nixie(6,15);
 135   2          Delay(1);
 136   2        }
 137   1          
 138   1      }


MODULE INFORMATION:   STATIC OVERLAYABLE
   CODE SIZE        =    790    ----
   CONSTANT SIZE    =   ----    ----
   XDATA SIZE       =   ----    ----
   PDATA SIZE       =   ----    ----
   DATA SIZE        =     17      10
   IDATA SIZE       =   ----    ----
   BIT SIZE         =   ----    ----
END OF MODULE INFORMATION.


C51 COMPILATION COMPLETE.  0 WARNING(S),  0 ERROR(S)
