C51 COMPILER V9.54   MAIN                                                                  01/29/2026 09:15:24 PAGE 1   


C51 COMPILER V9.54, COMPILATION OF MODULE MAIN
OBJECT MODULE PLACED IN .\Objects\main.obj
COMPILER INVOKED BY: D:\keil5\k\C51\BIN\C51.EXE main.c OPTIMIZE(8,SPEED) BROWSE DEBUG OBJECTEXTEND PRINT(.\Listings\main
                    -.lst) TABS(2) OBJECT(.\Objects\main.obj)

line level    source

   1          #include <REGX52.H>
   2          
   3          sbit buzzer = P2^5;
   4          
   5          unsigned int freqtable[] = {63628,63731,63835,63928,64021,64103,64185,64260,64331,64400,64463,64528,
   6                                      64580,64633,64684,64732,64777,64820,64860,64898,64934,64968,65000,65030,
   7                                      65058,65085,65110,65134,65157,65178,65198,65217,65235,65252,65268,65283};
   8          unsigned char f=0,m=0;
   9          unsigned char music[] = {12,12,19,19,21,21,19,17,17,16,16,14,14,12};                
  10                                      
  11          void Timer0_Init();
  12          void Delay(unsigned int a);
  13          
  14          void main()
  15          {
  16   1        
  17   1        Timer0_Init();
  18   1        while(1)
  19   1        {
  20   2          f=music[m];
  21   2          m++;
  22   2          Delay(200);
  23   2          TR0 = 0;
  24   2          Delay(5);
  25   2          TR0 = 1;
  26   2          if(m>13)
  27   2            m=0;
  28   2        }
  29   1      }
  30          
  31          void Timer0_Init()
  32          {
  33   1        //AUXR &= 0x7F;     //定时器时钟12T模式
  34   1        TMOD &= 0xF0;       //设置定时器模式
  35   1        TMOD |= 0x01;     //设置定时器模式
  36   1        TL0 = 0x66;       //设置定时初始值
  37   1        TH0 = 0xFC;       //设置定时初始值
  38   1        TF0 = 0;        //清除TF0标志
  39   1        TR0 = 1;        //定时器0开始计时
  40   1        //中断操作
  41   1        ET0 = 1;
  42   1        EA = 1;
  43   1        PT0 = 0;
  44   1      }
  45          
  46          unsigned int T = 0;
  47          void Timer0_Routine(void) interrupt 1
  48          {
  49   1        TL0 = freqtable[f]%256;       //设置定时初始值
  50   1        TH0 = freqtable[f]/256;       //设置定时初始值
  51   1        buzzer = !buzzer;
  52   1      }
  53          
  54          void Delay(unsigned int a)
C51 COMPILER V9.54   MAIN                                                                  01/29/2026 09:15:24 PAGE 2   

  55          {
  56   1        unsigned char i,j;
  57   1      
  58   1        while(a)
  59   1        {
  60   2          i = 4;
  61   2          j = 239;
  62   2          do
  63   2          {
  64   3            while(--j);
  65   3          }while(--i);
  66   2          a--;
  67   2        }
  68   1      }


MODULE INFORMATION:   STATIC OVERLAYABLE
   CODE SIZE        =    124    ----
   CONSTANT SIZE    =   ----    ----
   XDATA SIZE       =   ----    ----
   PDATA SIZE       =   ----    ----
   DATA SIZE        =     90    ----
   IDATA SIZE       =   ----    ----
   BIT SIZE         =   ----    ----
END OF MODULE INFORMATION.


C51 COMPILATION COMPLETE.  0 WARNING(S),  0 ERROR(S)
