C51 COMPILER V9.54   MAIN                                                                  12/19/2025 21:26:18 PAGE 1   


C51 COMPILER V9.54, COMPILATION OF MODULE MAIN
OBJECT MODULE PLACED IN .\Objects\main.obj
COMPILER INVOKED BY: D:\keil5\k\C51\BIN\C51.EXE main.c OPTIMIZE(8,SPEED) BROWSE DEBUG OBJECTEXTEND PRINT(.\Listings\main
                    -.lst) TABS(2) OBJECT(.\Objects\main.obj)

line level    source

   1          #include <REGX52.H>
   2          #include <INTRINS.H>
   3          
   4          void Delay(unsigned int a)  //珂儺변鑒
   5          {
   6   1        unsigned char i,j;
   7   1      
   8   1        while(a)
   9   1        {
  10   2          _nop_();
  11   2          i = 4;
  12   2          j = 239;
  13   2          do
  14   2          {
  15   3            while(--j);
  16   3          }while(--i);
  17   2          a--;
  18   2        }
  19   1      }
  20          
  21          void main()
  22          {
  23   1        
  24   1        unsigned char LEDNUM = 0;
  25   1        
  26   1        while(1)
  27   1        {
  28   2          
  29   2            if(P3_1 ==0)
  30   2            {
  31   3              Delay(5);//렝岺떰땡
  32   3              while(P3_1 ==0);//털뙤角뤠漑癎
  33   3              Delay(5);//렝岺떰땡
  34   3              
  35   3              if(LEDNUM >= 8)
  36   3                LEDNUM = 0;
  37   3              P2 = ~(0x01 << LEDNUM);
  38   3              LEDNUM++;
  39   3            }
  40   2            
  41   2            if(P3_0 == 0)
  42   2            {
  43   3              Delay(5);//렝岺떰땡
  44   3              while(P3_0 ==0);//털뙤角뤠漑癎
  45   3              Delay(5);//렝岺떰땡
  46   3              
  47   3              if(LEDNUM == 0)
  48   3                LEDNUM = 7;
  49   3              else
  50   3                LEDNUM--;
  51   3              P2 = ~(0x01 << LEDNUM);
  52   3            }
  53   2            
  54   2          
C51 COMPILER V9.54   MAIN                                                                  12/19/2025 21:26:18 PAGE 2   

  55   2        }
  56   1      }


MODULE INFORMATION:   STATIC OVERLAYABLE
   CODE SIZE        =     98    ----
   CONSTANT SIZE    =   ----    ----
   XDATA SIZE       =   ----    ----
   PDATA SIZE       =   ----    ----
   DATA SIZE        =   ----    ----
   IDATA SIZE       =   ----    ----
   BIT SIZE         =   ----    ----
END OF MODULE INFORMATION.


C51 COMPILATION COMPLETE.  0 WARNING(S),  0 ERROR(S)
